android/app/build/intermediates/manifest_merge_blame_file/release/manifest-merger-blame-release-report.txt
1<?xml version="1.0" encoding="utf-8"?>
2<manifest xmlns:android="http://schemas.android.com/apk/res/android"
3    package="com.example.empoderaecommerce"
4    android:versionCode="1"
5    android:versionName="1.0" >
6
7    <uses-sdk
8        android:minSdkVersion="23"
9        android:targetSdkVersion="34" />
10
11    <uses-permission android:name="android.permission.INTERNET" />
11-->src\main\AndroidManifest.xml:2:5-66
11-->src\main\AndroidManifest.xml:2:22-64
12    <!--
13         Required to query activities that can process text, see:
14         https://developer.android.com/training/package-visibility and
15         https://developer.android.com/reference/android/content/Intent#ACTION_PROCESS_TEXT.
16
17         In particular, this is used by the Flutter engine in io.flutter.plugin.text.ProcessTextPlugin.
18    -->
19    <queries>
19-->src\main\AndroidManifest.xml:39:5-44:15
20        <intent>
20-->src\main\AndroidManifest.xml:40:9-43:18
21            <action android:name="android.intent.action.PROCESS_TEXT" />
21-->src\main\AndroidManifest.xml:41:13-72
21-->src\main\AndroidManifest.xml:41:21-70
22
23            <data android:mimeType="text/plain" />
23-->src\main\AndroidManifest.xml:42:13-50
23-->src\main\AndroidManifest.xml:42:19-48
24        </intent>
25    </queries>
26
27    <uses-permission android:name="android.permission.ACCESS_NETWORK_STATE" />
27-->[com.google.firebase:firebase-auth:23.1.0] AndroidManifest.xml:26:5-79
27-->[com.google.firebase:firebase-auth:23.1.0] AndroidManifest.xml:26:22-76
28    <uses-permission android:name="android.permission.WAKE_LOCK" />
28-->[com.google.android.gms:play-services-measurement:22.1.2] AndroidManifest.xml:25:5-68
28-->[com.google.android.gms:play-services-measurement:22.1.2] AndroidManifest.xml:25:22-65
29    <uses-permission android:name="com.google.android.finsky.permission.BIND_GET_INSTALL_REFERRER_SERVICE" />
29-->[com.google.android.gms:play-services-measurement:22.1.2] AndroidManifest.xml:26:5-110
29-->[com.google.android.gms:play-services-measurement:22.1.2] AndroidManifest.xml:26:22-107
30    <uses-permission android:name="com.google.android.gms.permission.AD_ID" />
30-->[com.google.android.gms:play-services-measurement-api:22.1.2] AndroidManifest.xml:25:5-79
30-->[com.google.android.gms:play-services-measurement-api:22.1.2] AndroidManifest.xml:25:22-76
31    <uses-permission android:name="android.permission.ACCESS_ADSERVICES_ATTRIBUTION" />
31-->[com.google.android.gms:play-services-measurement-api:22.1.2] AndroidManifest.xml:26:5-88
31-->[com.google.android.gms:play-services-measurement-api:22.1.2] AndroidManifest.xml:26:22-85
32    <uses-permission android:name="android.permission.ACCESS_ADSERVICES_AD_ID" />
32-->[com.google.android.gms:play-services-measurement-api:22.1.2] AndroidManifest.xml:27:5-82
32-->[com.google.android.gms:play-services-measurement-api:22.1.2] AndroidManifest.xml:27:22-79
33    <uses-permission android:name="com.google.android.providers.gsf.permission.READ_GSERVICES" />
33-->[com.google.android.recaptcha:recaptcha:18.5.1] AndroidManifest.xml:9:5-98
33-->[com.google.android.recaptcha:recaptcha:18.5.1] AndroidManifest.xml:9:22-95
34
35    <permission
35-->[androidx.core:core:1.12.0] AndroidManifest.xml:22:5-24:47
36        android:name="com.example.empoderaecommerce.DYNAMIC_RECEIVER_NOT_EXPORTED_PERMISSION"
36-->[androidx.core:core:1.12.0] AndroidManifest.xml:23:9-81
37        android:protectionLevel="signature" />
37-->[androidx.core:core:1.12.0] AndroidManifest.xml:24:9-44
38
39    <uses-permission android:name="com.example.empoderaecommerce.DYNAMIC_RECEIVER_NOT_EXPORTED_PERMISSION" />
39-->[androidx.core:core:1.12.0] AndroidManifest.xml:26:5-97
39-->[androidx.core:core:1.12.0] AndroidManifest.xml:26:22-94
40
41    <application
41-->src\main\AndroidManifest.xml:3:5-33:19
42        android:appComponentFactory="androidx.core.app.CoreComponentFactory"
42-->[androidx.core:core:1.12.0] AndroidManifest.xml:28:18-86
43        android:extractNativeLibs="false"
44        android:icon="@mipmap/ic_launcher"
44-->src\main\AndroidManifest.xml:5:9-43
45        android:label="empoderaecommerce" >
45-->src\main\AndroidManifest.xml:4:9-42
46        <activity
46-->src\main\AndroidManifest.xml:6:9-27:20
47            android:name="com.example.empoderaecommerce.MainActivity"
47-->src\main\AndroidManifest.xml:7:13-41
48            android:configChanges="orientation|keyboardHidden|keyboard|screenSize|smallestScreenSize|locale|layoutDirection|fontScale|screenLayout|density|uiMode"
48-->src\main\AndroidManifest.xml:12:13-163
49            android:exported="true"
49-->src\main\AndroidManifest.xml:8:13-36
50            android:hardwareAccelerated="true"
50-->src\main\AndroidManifest.xml:13:13-47
51            android:launchMode="singleTop"
51-->src\main\AndroidManifest.xml:9:13-43
52            android:taskAffinity=""
52-->src\main\AndroidManifest.xml:10:13-36
53            android:theme="@style/LaunchTheme"
53-->src\main\AndroidManifest.xml:11:13-47
54            android:windowSoftInputMode="adjustResize" >
54-->src\main\AndroidManifest.xml:14:13-55
55
56            <!--
57                 Specifies an Android theme to apply to this Activity as soon as
58                 the Android process has started. This theme is visible to the user
59                 while the Flutter UI initializes. After that, this theme continues
60                 to determine the Window background behind the Flutter UI.
61            -->
62            <meta-data
62-->src\main\AndroidManifest.xml:19:13-22:17
63                android:name="io.flutter.embedding.android.NormalTheme"
63-->src\main\AndroidManifest.xml:20:15-70
64                android:resource="@style/NormalTheme" />
64-->src\main\AndroidManifest.xml:21:15-52
65
66            <intent-filter>
66-->src\main\AndroidManifest.xml:23:13-26:29
67                <action android:name="android.intent.action.MAIN" />
67-->src\main\AndroidManifest.xml:24:17-68
67-->src\main\AndroidManifest.xml:24:25-66
68
69                <category android:name="android.intent.category.LAUNCHER" />
69-->src\main\AndroidManifest.xml:25:17-76
69-->src\main\AndroidManifest.xml:25:27-74
70            </intent-filter>
71        </activity>
72        <!--
73             Don't delete the meta-data below.
74             This is used by the Flutter tool to generate GeneratedPluginRegistrant.java
75        -->
76        <meta-data
76-->src\main\AndroidManifest.xml:30:9-32:33
77            android:name="flutterEmbedding"
77-->src\main\AndroidManifest.xml:31:13-44
78            android:value="2" />
78-->src\main\AndroidManifest.xml:32:13-30
79
80        <activity
80-->[com.google.firebase:firebase-auth:23.1.0] AndroidManifest.xml:29:9-46:20
81            android:name="com.google.firebase.auth.internal.GenericIdpActivity"
81-->[com.google.firebase:firebase-auth:23.1.0] AndroidManifest.xml:30:13-80
82            android:excludeFromRecents="true"
82-->[com.google.firebase:firebase-auth:23.1.0] AndroidManifest.xml:31:13-46
83            android:exported="true"
83-->[com.google.firebase:firebase-auth:23.1.0] AndroidManifest.xml:32:13-36
84            android:launchMode="singleTask"
84-->[com.google.firebase:firebase-auth:23.1.0] AndroidManifest.xml:33:13-44
85            android:theme="@android:style/Theme.Translucent.NoTitleBar" >
85-->[com.google.firebase:firebase-auth:23.1.0] AndroidManifest.xml:34:13-72
86            <intent-filter>
86-->[com.google.firebase:firebase-auth:23.1.0] AndroidManifest.xml:35:13-45:29
87                <action android:name="android.intent.action.VIEW" />
87-->[com.google.firebase:firebase-auth:23.1.0] AndroidManifest.xml:36:17-69
87-->[com.google.firebase:firebase-auth:23.1.0] AndroidManifest.xml:36:25-66
88
89                <category android:name="android.intent.category.DEFAULT" />
89-->[com.google.firebase:firebase-auth:23.1.0] AndroidManifest.xml:38:17-76
89-->[com.google.firebase:firebase-auth:23.1.0] AndroidManifest.xml:38:27-73
90                <category android:name="android.intent.category.BROWSABLE" />
90-->[com.google.firebase:firebase-auth:23.1.0] AndroidManifest.xml:39:17-78
90-->[com.google.firebase:firebase-auth:23.1.0] AndroidManifest.xml:39:27-75
91
92                <data
92-->src\main\AndroidManifest.xml:42:13-50
93                    android:host="firebase.auth"
94                    android:path="/"
95                    android:scheme="genericidp" />
96            </intent-filter>
97        </activity>
98        <activity
98-->[com.google.firebase:firebase-auth:23.1.0] AndroidManifest.xml:47:9-64:20
99            android:name="com.google.firebase.auth.internal.RecaptchaActivity"
99-->[com.google.firebase:firebase-auth:23.1.0] AndroidManifest.xml:48:13-79
100            android:excludeFromRecents="true"
100-->[com.google.firebase:firebase-auth:23.1.0] AndroidManifest.xml:49:13-46
101            android:exported="true"
101-->[com.google.firebase:firebase-auth:23.1.0] AndroidManifest.xml:50:13-36
102            android:launchMode="singleTask"
102-->[com.google.firebase:firebase-auth:23.1.0] AndroidManifest.xml:51:13-44
103            android:theme="@android:style/Theme.Translucent.NoTitleBar" >
103-->[com.google.firebase:firebase-auth:23.1.0] AndroidManifest.xml:52:13-72
104            <intent-filter>
104-->[com.google.firebase:firebase-auth:23.1.0] AndroidManifest.xml:53:13-63:29
105                <action android:name="android.intent.action.VIEW" />
105-->[com.google.firebase:firebase-auth:23.1.0] AndroidManifest.xml:36:17-69
105-->[com.google.firebase:firebase-auth:23.1.0] AndroidManifest.xml:36:25-66
106
107                <category android:name="android.intent.category.DEFAULT" />
107-->[com.google.firebase:firebase-auth:23.1.0] AndroidManifest.xml:38:17-76
107-->[com.google.firebase:firebase-auth:23.1.0] AndroidManifest.xml:38:27-73
108                <category android:name="android.intent.category.BROWSABLE" />
108-->[com.google.firebase:firebase-auth:23.1.0] AndroidManifest.xml:39:17-78
108-->[com.google.firebase:firebase-auth:23.1.0] AndroidManifest.xml:39:27-75
109
110                <data
110-->src\main\AndroidManifest.xml:42:13-50
111                    android:host="firebase.auth"
112                    android:path="/"
113                    android:scheme="recaptcha" />
114            </intent-filter>
115        </activity>
116
117        <service
117-->[com.google.firebase:firebase-auth:23.1.0] AndroidManifest.xml:66:9-72:19
118            android:name="com.google.firebase.components.ComponentDiscoveryService"
118-->[com.google.firebase:firebase-auth:23.1.0] AndroidManifest.xml:67:13-84
119            android:directBootAware="true"
119-->[com.google.firebase:firebase-common:21.0.0] AndroidManifest.xml:32:13-43
120            android:exported="false" >
120-->[com.google.firebase:firebase-auth:23.1.0] AndroidManifest.xml:68:13-37
121            <meta-data
121-->[com.google.firebase:firebase-auth:23.1.0] AndroidManifest.xml:69:13-71:85
122                android:name="com.google.firebase.components:com.google.firebase.auth.FirebaseAuthRegistrar"
122-->[com.google.firebase:firebase-auth:23.1.0] AndroidManifest.xml:70:17-109
123                android:value="com.google.firebase.components.ComponentRegistrar" />
123-->[com.google.firebase:firebase-auth:23.1.0] AndroidManifest.xml:71:17-82
124            <meta-data
124-->[com.google.firebase:firebase-firestore:25.1.1] AndroidManifest.xml:17:13-19:85
125                android:name="com.google.firebase.components:com.google.firebase.firestore.FirebaseFirestoreKtxRegistrar"
125-->[com.google.firebase:firebase-firestore:25.1.1] AndroidManifest.xml:18:17-122
126                android:value="com.google.firebase.components.ComponentRegistrar" />
126-->[com.google.firebase:firebase-firestore:25.1.1] AndroidManifest.xml:19:17-82
127            <meta-data
127-->[com.google.firebase:firebase-firestore:25.1.1] AndroidManifest.xml:20:13-22:85
128                android:name="com.google.firebase.components:com.google.firebase.firestore.FirestoreRegistrar"
128-->[com.google.firebase:firebase-firestore:25.1.1] AndroidManifest.xml:21:17-111
129                android:value="com.google.firebase.components.ComponentRegistrar" />
129-->[com.google.firebase:firebase-firestore:25.1.1] AndroidManifest.xml:22:17-82
130            <meta-data
130-->[com.google.android.gms:play-services-measurement-api:22.1.2] AndroidManifest.xml:37:13-39:85
131                android:name="com.google.firebase.components:com.google.firebase.analytics.connector.internal.AnalyticsConnectorRegistrar"
131-->[com.google.android.gms:play-services-measurement-api:22.1.2] AndroidManifest.xml:38:17-139
132                android:value="com.google.firebase.components.ComponentRegistrar" />
132-->[com.google.android.gms:play-services-measurement-api:22.1.2] AndroidManifest.xml:39:17-82
133            <meta-data
133-->[com.google.firebase:firebase-installations:18.0.0] AndroidManifest.xml:15:13-17:85
134                android:name="com.google.firebase.components:com.google.firebase.installations.FirebaseInstallationsKtxRegistrar"
134-->[com.google.firebase:firebase-installations:18.0.0] AndroidManifest.xml:16:17-130
135                android:value="com.google.firebase.components.ComponentRegistrar" />
135-->[com.google.firebase:firebase-installations:18.0.0] AndroidManifest.xml:17:17-82
136            <meta-data
136-->[com.google.firebase:firebase-installations:18.0.0] AndroidManifest.xml:18:13-20:85
137                android:name="com.google.firebase.components:com.google.firebase.installations.FirebaseInstallationsRegistrar"
137-->[com.google.firebase:firebase-installations:18.0.0] AndroidManifest.xml:19:17-127
138                android:value="com.google.firebase.components.ComponentRegistrar" />
138-->[com.google.firebase:firebase-installations:18.0.0] AndroidManifest.xml:20:17-82
139            <meta-data
139-->[com.google.firebase:firebase-common-ktx:21.0.0] AndroidManifest.xml:12:13-14:85
140                android:name="com.google.firebase.components:com.google.firebase.ktx.FirebaseCommonLegacyRegistrar"
140-->[com.google.firebase:firebase-common-ktx:21.0.0] AndroidManifest.xml:13:17-116
141                android:value="com.google.firebase.components.ComponentRegistrar" />
141-->[com.google.firebase:firebase-common-ktx:21.0.0] AndroidManifest.xml:14:17-82
142            <meta-data
142-->[com.google.firebase:firebase-common:21.0.0] AndroidManifest.xml:35:13-37:85
143                android:name="com.google.firebase.components:com.google.firebase.FirebaseCommonKtxRegistrar"
143-->[com.google.firebase:firebase-common:21.0.0] AndroidManifest.xml:36:17-109
144                android:value="com.google.firebase.components.ComponentRegistrar" />
144-->[com.google.firebase:firebase-common:21.0.0] AndroidManifest.xml:37:17-82
145        </service>
146
147        <receiver
147-->[com.google.android.gms:play-services-measurement:22.1.2] AndroidManifest.xml:29:9-33:20
148            android:name="com.google.android.gms.measurement.AppMeasurementReceiver"
148-->[com.google.android.gms:play-services-measurement:22.1.2] AndroidManifest.xml:30:13-85
149            android:enabled="true"
149-->[com.google.android.gms:play-services-measurement:22.1.2] AndroidManifest.xml:31:13-35
150            android:exported="false" >
150-->[com.google.android.gms:play-services-measurement:22.1.2] AndroidManifest.xml:32:13-37
151        </receiver>
152
153        <service
153-->[com.google.android.gms:play-services-measurement:22.1.2] AndroidManifest.xml:35:9-38:40
154            android:name="com.google.android.gms.measurement.AppMeasurementService"
154-->[com.google.android.gms:play-services-measurement:22.1.2] AndroidManifest.xml:36:13-84
155            android:enabled="true"
155-->[com.google.android.gms:play-services-measurement:22.1.2] AndroidManifest.xml:37:13-35
156            android:exported="false" />
156-->[com.google.android.gms:play-services-measurement:22.1.2] AndroidManifest.xml:38:13-37
157        <service
157-->[com.google.android.gms:play-services-measurement:22.1.2] AndroidManifest.xml:39:9-43:72
158            android:name="com.google.android.gms.measurement.AppMeasurementJobService"
158-->[com.google.android.gms:play-services-measurement:22.1.2] AndroidManifest.xml:40:13-87
159            android:enabled="true"
159-->[com.google.android.gms:play-services-measurement:22.1.2] AndroidManifest.xml:41:13-35
160            android:exported="false"
160-->[com.google.android.gms:play-services-measurement:22.1.2] AndroidManifest.xml:42:13-37
161            android:permission="android.permission.BIND_JOB_SERVICE" />
161-->[com.google.android.gms:play-services-measurement:22.1.2] AndroidManifest.xml:43:13-69
162
163        <property
163-->[com.google.android.gms:play-services-measurement-api:22.1.2] AndroidManifest.xml:30:9-32:61
164            android:name="android.adservices.AD_SERVICES_CONFIG"
164-->[com.google.android.gms:play-services-measurement-api:22.1.2] AndroidManifest.xml:31:13-65
165            android:resource="@xml/ga_ad_services_config" />
165-->[com.google.android.gms:play-services-measurement-api:22.1.2] AndroidManifest.xml:32:13-58
166
167        <service
167-->[androidx.credentials:credentials-play-services-auth:1.2.0-rc01] AndroidManifest.xml:24:9-32:19
168            android:name="androidx.credentials.playservices.CredentialProviderMetadataHolder"
168-->[androidx.credentials:credentials-play-services-auth:1.2.0-rc01] AndroidManifest.xml:25:13-94
169            android:enabled="true"
169-->[androidx.credentials:credentials-play-services-auth:1.2.0-rc01] AndroidManifest.xml:26:13-35
170            android:exported="false" >
170-->[androidx.credentials:credentials-play-services-auth:1.2.0-rc01] AndroidManifest.xml:27:13-37
171            <meta-data
171-->[androidx.credentials:credentials-play-services-auth:1.2.0-rc01] AndroidManifest.xml:29:13-31:104
172                android:name="androidx.credentials.CREDENTIAL_PROVIDER_KEY"
172-->[androidx.credentials:credentials-play-services-auth:1.2.0-rc01] AndroidManifest.xml:30:17-76
173                android:value="androidx.credentials.playservices.CredentialProviderPlayServicesImpl" />
173-->[androidx.credentials:credentials-play-services-auth:1.2.0-rc01] AndroidManifest.xml:31:17-101
174        </service>
175
176        <activity
176-->[androidx.credentials:credentials-play-services-auth:1.2.0-rc01] AndroidManifest.xml:34:9-41:20
177            android:name="androidx.credentials.playservices.HiddenActivity"
177-->[androidx.credentials:credentials-play-services-auth:1.2.0-rc01] AndroidManifest.xml:35:13-76
178            android:configChanges="orientation|screenSize|screenLayout|keyboardHidden"
178-->[androidx.credentials:credentials-play-services-auth:1.2.0-rc01] AndroidManifest.xml:36:13-87
179            android:enabled="true"
179-->[androidx.credentials:credentials-play-services-auth:1.2.0-rc01] AndroidManifest.xml:37:13-35
180            android:exported="false"
180-->[androidx.credentials:credentials-play-services-auth:1.2.0-rc01] AndroidManifest.xml:38:13-37
181            android:fitsSystemWindows="true"
181-->[androidx.credentials:credentials-play-services-auth:1.2.0-rc01] AndroidManifest.xml:39:13-45
182            android:theme="@style/Theme.Hidden" >
182-->[androidx.credentials:credentials-play-services-auth:1.2.0-rc01] AndroidManifest.xml:40:13-48
183        </activity>
184        <activity
184-->[com.google.android.gms:play-services-auth:20.7.0] AndroidManifest.xml:23:9-27:75
185            android:name="com.google.android.gms.auth.api.signin.internal.SignInHubActivity"
185-->[com.google.android.gms:play-services-auth:20.7.0] AndroidManifest.xml:24:13-93
186            android:excludeFromRecents="true"
186-->[com.google.android.gms:play-services-auth:20.7.0] AndroidManifest.xml:25:13-46
187            android:exported="false"
187-->[com.google.android.gms:play-services-auth:20.7.0] AndroidManifest.xml:26:13-37
188            android:theme="@android:style/Theme.Translucent.NoTitleBar" />
188-->[com.google.android.gms:play-services-auth:20.7.0] AndroidManifest.xml:27:13-72
189        <!--
190            Service handling Google Sign-In user revocation. For apps that do not integrate with
191            Google Sign-In, this service will never be started.
192        -->
193        <service
193-->[com.google.android.gms:play-services-auth:20.7.0] AndroidManifest.xml:33:9-37:51
194            android:name="com.google.android.gms.auth.api.signin.RevocationBoundService"
194-->[com.google.android.gms:play-services-auth:20.7.0] AndroidManifest.xml:34:13-89
195            android:exported="true"
195-->[com.google.android.gms:play-services-auth:20.7.0] AndroidManifest.xml:35:13-36
196            android:permission="com.google.android.gms.auth.api.signin.permission.REVOCATION_NOTIFICATION"
196-->[com.google.android.gms:play-services-auth:20.7.0] AndroidManifest.xml:36:13-107
197            android:visibleToInstantApps="true" />
197-->[com.google.android.gms:play-services-auth:20.7.0] AndroidManifest.xml:37:13-48
198
199        <provider
199-->[com.google.firebase:firebase-common:21.0.0] AndroidManifest.xml:23:9-28:39
200            android:name="com.google.firebase.provider.FirebaseInitProvider"
200-->[com.google.firebase:firebase-common:21.0.0] AndroidManifest.xml:24:13-77
201            android:authorities="com.example.empoderaecommerce.firebaseinitprovider"
201-->[com.google.firebase:firebase-common:21.0.0] AndroidManifest.xml:25:13-72
202            android:directBootAware="true"
202-->[com.google.firebase:firebase-common:21.0.0] AndroidManifest.xml:26:13-43
203            android:exported="false"
203-->[com.google.firebase:firebase-common:21.0.0] AndroidManifest.xml:27:13-37
204            android:initOrder="100" />
204-->[com.google.firebase:firebase-common:21.0.0] AndroidManifest.xml:28:13-36
205
206        <uses-library
206-->[androidx.privacysandbox.ads:ads-adservices:1.0.0-beta05] AndroidManifest.xml:23:9-25:40
207            android:name="android.ext.adservices"
207-->[androidx.privacysandbox.ads:ads-adservices:1.0.0-beta05] AndroidManifest.xml:24:13-50
208            android:required="false" />
208-->[androidx.privacysandbox.ads:ads-adservices:1.0.0-beta05] AndroidManifest.xml:25:13-37
209
210        <activity
210-->[com.google.android.gms:play-services-base:18.5.0] AndroidManifest.xml:5:9-173
211            android:name="com.google.android.gms.common.api.GoogleApiActivity"
211-->[com.google.android.gms:play-services-base:18.5.0] AndroidManifest.xml:5:19-85
212            android:exported="false"
212-->[com.google.android.gms:play-services-base:18.5.0] AndroidManifest.xml:5:146-170
213            android:theme="@android:style/Theme.Translucent.NoTitleBar" />
213-->[com.google.android.gms:play-services-base:18.5.0] AndroidManifest.xml:5:86-145
214
215        <meta-data
215-->[com.google.android.gms:play-services-basement:18.4.0] AndroidManifest.xml:6:9-122
216            android:name="com.google.android.gms.version"
216-->[com.google.android.gms:play-services-basement:18.4.0] AndroidManifest.xml:6:20-65
217            android:value="@integer/google_play_services_version" /> <!-- The activities will be merged into the manifest of the hosting app. -->
217-->[com.google.android.gms:play-services-basement:18.4.0] AndroidManifest.xml:6:66-119
218        <activity
218-->[com.google.android.play:core-common:2.0.3] AndroidManifest.xml:14:9-18:65
219            android:name="com.google.android.play.core.common.PlayCoreDialogWrapperActivity"
219-->[com.google.android.play:core-common:2.0.3] AndroidManifest.xml:15:13-93
220            android:exported="false"
220-->[com.google.android.play:core-common:2.0.3] AndroidManifest.xml:16:13-37
221            android:stateNotNeeded="true"
221-->[com.google.android.play:core-common:2.0.3] AndroidManifest.xml:17:13-42
222            android:theme="@style/Theme.PlayCore.Transparent" />
222-->[com.google.android.play:core-common:2.0.3] AndroidManifest.xml:18:13-62
223    </application>
224
225</manifest>